ERROR - 2022-10-23 02:34:49 --> Error connecting to the database: mysqli_sql_exception: No se puede establecer una conexión ya que el equipo de destino denegó expresamente dicha conexión in F:\projects\sistematicketsBootstrap\vendor\codeigniter4\framework\system\Database\MySQLi\Connection.php:171
Stack trace:
#0 F:\projects\sistematicketsBootstrap\vendor\codeigniter4\framework\system\Database\MySQLi\Connection.php(171): mysqli->real_connect('localhost', 'root', '', 'sistematickets', 3306, '', 0)
#1 F:\projects\sistematicketsBootstrap\vendor\codeigniter4\framework\system\Database\BaseConnection.php(382): CodeIgniter\Database\MySQLi\Connection->connect(false)
#2 F:\projects\sistematicketsBootstrap\vendor\codeigniter4\framework\system\Database\BaseConnection.php(588): CodeIgniter\Database\BaseConnection->initialize()
#3 F:\projects\sistematicketsBootstrap\vendor\codeigniter4\framework\system\Database\BaseBuilder.php(1585): CodeIgniter\Database\BaseConnection->query('SELECT *\nFROM `...', Array, false)
#4 F:\projects\sistematicketsBootstrap\vendor\codeigniter4\settings\src\Handlers\DatabaseHandler.php(163): CodeIgniter\Database\BaseBuilder->get()
#5 F:\projects\sistematicketsBootstrap\vendor\codeigniter4\settings\src\Handlers\DatabaseHandler.php(41): CodeIgniter\Settings\Handlers\DatabaseHandler->hydrate(NULL)
#6 F:\projects\sistematicketsBootstrap\vendor\codeigniter4\settings\src\Settings.php(59): CodeIgniter\Settings\Handlers\DatabaseHandler->has('Config\\Auth', 'sessionConfig', NULL)
#7 F:\projects\sistematicketsBootstrap\vendor\codeigniter4\settings\src\Helpers\setting_helper.php(21): CodeIgniter\Settings\Settings->get('Auth.sessionCon...')
#8 F:\projects\sistematicketsBootstrap\vendor\codeigniter4\shield\src\Authentication\Authenticators\Session.php(643): setting('Auth.sessionCon...')
#9 F:\projects\sistematicketsBootstrap\vendor\codeigniter4\shield\src\Authentication\Authenticators\Session.php(661): CodeIgniter\Shield\Authentication\Authenticators\Session->getSessionUserInfo()
#10 F:\projects\sistematicketsBootstrap\vendor\codeigniter4\shield\src\Authentication\Authenticators\Session.php(367): CodeIgniter\Shield\Authentication\Authenticators\Session->getSessionKey('id')
#11 F:\projects\sistematicketsBootstrap\vendor\codeigniter4\shield\src\Authentication\Authenticators\Session.php(351): CodeIgniter\Shield\Authentication\Authenticators\Session->checkUserState()
#12 F:\projects\sistematicketsBootstrap\vendor\codeigniter4\shield\src\Auth.php(159): CodeIgniter\Shield\Authentication\Authenticators\Session->loggedIn()
#13 F:\projects\sistematicketsBootstrap\vendor\codeigniter4\shield\src\Collectors\Auth.php(67): CodeIgniter\Shield\Auth->__call('loggedIn', Array)
#14 F:\projects\sistematicketsBootstrap\vendor\codeigniter4\framework\system\Debug\Toolbar\Collectors\BaseCollector.php(222): CodeIgniter\Shield\Collectors\Auth->display()
#15 F:\projects\sistematicketsBootstrap\vendor\codeigniter4\framework\system\Debug\Toolbar.php(93): CodeIgniter\Debug\Toolbar\Collectors\BaseCollector->getAsArray()
#16 F:\projects\sistematicketsBootstrap\vendor\codeigniter4\framework\system\Debug\Toolbar.php(374): CodeIgniter\Debug\Toolbar->run(1666510484.1284, 0.4217, Object(CodeIgniter\HTTP\IncomingRequest), Object(CodeIgniter\HTTP\Response))
#17 F:\projects\sistematicketsBootstrap\vendor\codeigniter4\framework\system\Filters\DebugToolbar.php(40): CodeIgniter\Debug\Toolbar->prepare(Object(CodeIgniter\HTTP\IncomingRequest), Object(CodeIgniter\HTTP\Response))
#18 F:\projects\sistematicketsBootstrap\vendor\codeigniter4\framework\system\Filters\Filters.php(196): CodeIgniter\Filters\DebugToolbar->after(Object(CodeIgniter\HTTP\IncomingRequest), Object(CodeIgniter\HTTP\Response), NULL)
#19 F:\projects\sistematicketsBootstrap\vendor\codeigniter4\framework\system\CodeIgniter.php(477): CodeIgniter\Filters\Filters->run('/', 'after')
#20 F:\projects\sistematicketsBootstrap\vendor\codeigniter4\framework\system\CodeIgniter.php(340): CodeIgniter\CodeIgniter->handleRequest(NULL, Object(Config\Cache), false)
#21 F:\projects\sistematicketsBootstrap\public\index.php(55): CodeIgniter\CodeIgniter->run()
#22 F:\projects\sistematicketsBootstrap\vendor\codeigniter4\framework\system\Commands\Server\rewrite.php(46): require_once('F:\\projects\\sis...')
#23 {main}

Next CodeIgniter\Database\Exceptions\DatabaseException: No se puede establecer una conexión ya que el equipo de destino denegó expresamente dicha conexión in F:\projects\sistematicketsBootstrap\vendor\codeigniter4\framework\system\Database\MySQLi\Connection.php:215
Stack trace:
#0 F:\projects\sistematicketsBootstrap\vendor\codeigniter4\framework\system\Database\BaseConnection.php(382): CodeIgniter\Database\MySQLi\Connection->connect(false)
#1 F:\projects\sistematicketsBootstrap\vendor\codeigniter4\framework\system\Database\BaseConnection.php(588): CodeIgniter\Database\BaseConnection->initialize()
#2 F:\projects\sistematicketsBootstrap\vendor\codeigniter4\framework\system\Database\BaseBuilder.php(1585): CodeIgniter\Database\BaseConnection->query('SELECT *\nFROM `...', Array, false)
#3 F:\projects\sistematicketsBootstrap\vendor\codeigniter4\settings\src\Handlers\DatabaseHandler.php(163): CodeIgniter\Database\BaseBuilder->get()
#4 F:\projects\sistematicketsBootstrap\vendor\codeigniter4\settings\src\Handlers\DatabaseHandler.php(41): CodeIgniter\Settings\Handlers\DatabaseHandler->hydrate(NULL)
#5 F:\projects\sistematicketsBootstrap\vendor\codeigniter4\settings\src\Settings.php(59): CodeIgniter\Settings\Handlers\DatabaseHandler->has('Config\\Auth', 'sessionConfig', NULL)
#6 F:\projects\sistematicketsBootstrap\vendor\codeigniter4\settings\src\Helpers\setting_helper.php(21): CodeIgniter\Settings\Settings->get('Auth.sessionCon...')
#7 F:\projects\sistematicketsBootstrap\vendor\codeigniter4\shield\src\Authentication\Authenticators\Session.php(643): setting('Auth.sessionCon...')
#8 F:\projects\sistematicketsBootstrap\vendor\codeigniter4\shield\src\Authentication\Authenticators\Session.php(661): CodeIgniter\Shield\Authentication\Authenticators\Session->getSessionUserInfo()
#9 F:\projects\sistematicketsBootstrap\vendor\codeigniter4\shield\src\Authentication\Authenticators\Session.php(367): CodeIgniter\Shield\Authentication\Authenticators\Session->getSessionKey('id')
#10 F:\projects\sistematicketsBootstrap\vendor\codeigniter4\shield\src\Authentication\Authenticators\Session.php(351): CodeIgniter\Shield\Authentication\Authenticators\Session->checkUserState()
#11 F:\projects\sistematicketsBootstrap\vendor\codeigniter4\shield\src\Auth.php(159): CodeIgniter\Shield\Authentication\Authenticators\Session->loggedIn()
#12 F:\projects\sistematicketsBootstrap\vendor\codeigniter4\shield\src\Collectors\Auth.php(67): CodeIgniter\Shield\Auth->__call('loggedIn', Array)
#13 F:\projects\sistematicketsBootstrap\vendor\codeigniter4\framework\system\Debug\Toolbar\Collectors\BaseCollector.php(222): CodeIgniter\Shield\Collectors\Auth->display()
#14 F:\projects\sistematicketsBootstrap\vendor\codeigniter4\framework\system\Debug\Toolbar.php(93): CodeIgniter\Debug\Toolbar\Collectors\BaseCollector->getAsArray()
#15 F:\projects\sistematicketsBootstrap\vendor\codeigniter4\framework\system\Debug\Toolbar.php(374): CodeIgniter\Debug\Toolbar->run(1666510484.1284, 0.4217, Object(CodeIgniter\HTTP\IncomingRequest), Object(CodeIgniter\HTTP\Response))
#16 F:\projects\sistematicketsBootstrap\vendor\codeigniter4\framework\system\Filters\DebugToolbar.php(40): CodeIgniter\Debug\Toolbar->prepare(Object(CodeIgniter\HTTP\IncomingRequest), Object(CodeIgniter\HTTP\Response))
#17 F:\projects\sistematicketsBootstrap\vendor\codeigniter4\framework\system\Filters\Filters.php(196): CodeIgniter\Filters\DebugToolbar->after(Object(CodeIgniter\HTTP\IncomingRequest), Object(CodeIgniter\HTTP\Response), NULL)
#18 F:\projects\sistematicketsBootstrap\vendor\codeigniter4\framework\system\CodeIgniter.php(477): CodeIgniter\Filters\Filters->run('/', 'after')
#19 F:\projects\sistematicketsBootstrap\vendor\codeigniter4\framework\system\CodeIgniter.php(340): CodeIgniter\CodeIgniter->handleRequest(NULL, Object(Config\Cache), false)
#20 F:\projects\sistematicketsBootstrap\public\index.php(55): CodeIgniter\CodeIgniter->run()
#21 F:\projects\sistematicketsBootstrap\vendor\codeigniter4\framework\system\Commands\Server\rewrite.php(46): require_once('F:\\projects\\sis...')
#22 {main}
CRITICAL - 2022-10-23 02:34:49 --> Unable to connect to the database.
Main connection [MySQLi]: No se puede establecer una conexión ya que el equipo de destino denegó expresamente dicha conexión
in SYSTEMPATH\Database\BaseConnection.php on line 418.
 1 SYSTEMPATH\Database\BaseConnection.php(588): CodeIgniter\Database\BaseConnection->initialize()
 2 SYSTEMPATH\Database\BaseBuilder.php(1585): CodeIgniter\Database\BaseConnection->query('SELECT *
FROM `settings`
WHERE `context` IS NULL', [], false)
 3 VENDORPATH\codeigniter4\settings\src\Handlers\DatabaseHandler.php(163): CodeIgniter\Database\BaseBuilder->get()
 4 VENDORPATH\codeigniter4\settings\src\Handlers\DatabaseHandler.php(41): CodeIgniter\Settings\Handlers\DatabaseHandler->hydrate(null)
 5 VENDORPATH\codeigniter4\settings\src\Settings.php(59): CodeIgniter\Settings\Handlers\DatabaseHandler->has('Config\\Auth', 'sessionConfig', null)
 6 VENDORPATH\codeigniter4\settings\src\Helpers\setting_helper.php(21): CodeIgniter\Settings\Settings->get('Auth.sessionConfig')
 7 VENDORPATH\codeigniter4\shield\src\Authentication\Authenticators\Session.php(643): setting('Auth.sessionConfig')
 8 VENDORPATH\codeigniter4\shield\src\Authentication\Authenticators\Session.php(661): CodeIgniter\Shield\Authentication\Authenticators\Session->getSessionUserInfo()
 9 VENDORPATH\codeigniter4\shield\src\Authentication\Authenticators\Session.php(367): CodeIgniter\Shield\Authentication\Authenticators\Session->getSessionKey('id')
10 VENDORPATH\codeigniter4\shield\src\Authentication\Authenticators\Session.php(351): CodeIgniter\Shield\Authentication\Authenticators\Session->checkUserState()
11 VENDORPATH\codeigniter4\shield\src\Auth.php(159): CodeIgniter\Shield\Authentication\Authenticators\Session->loggedIn()
12 VENDORPATH\codeigniter4\shield\src\Collectors\Auth.php(67): CodeIgniter\Shield\Auth->__call('loggedIn', [])
13 SYSTEMPATH\Debug\Toolbar\Collectors\BaseCollector.php(222): CodeIgniter\Shield\Collectors\Auth->display()
14 SYSTEMPATH\Debug\Toolbar.php(93): CodeIgniter\Debug\Toolbar\Collectors\BaseCollector->getAsArray()
15 SYSTEMPATH\Debug\Toolbar.php(374): CodeIgniter\Debug\Toolbar->run(1666510484.12837, 0.4217, Object(CodeIgniter\HTTP\IncomingRequest), Object(CodeIgniter\HTTP\Response))
16 SYSTEMPATH\Filters\DebugToolbar.php(40): CodeIgniter\Debug\Toolbar->prepare(Object(CodeIgniter\HTTP\IncomingRequest), Object(CodeIgniter\HTTP\Response))
17 SYSTEMPATH\Filters\Filters.php(196): CodeIgniter\Filters\DebugToolbar->after(Object(CodeIgniter\HTTP\IncomingRequest), Object(CodeIgniter\HTTP\Response), null)
18 SYSTEMPATH\CodeIgniter.php(477): CodeIgniter\Filters\Filters->run('F:\\', 'after')
19 SYSTEMPATH\CodeIgniter.php(340): CodeIgniter\CodeIgniter->handleRequest(null, Object(Config\Cache), false)
20 FCPATH\index.php(55): CodeIgniter\CodeIgniter->run()
21 SYSTEMPATH\Commands\Server\rewrite.php(46): require_once('FCPATH\\index.php')
ERROR - 2022-10-23 02:34:54 --> Error connecting to the database: mysqli_sql_exception: No se puede establecer una conexión ya que el equipo de destino denegó expresamente dicha conexión in F:\projects\sistematicketsBootstrap\vendor\codeigniter4\framework\system\Database\MySQLi\Connection.php:171
Stack trace:
#0 F:\projects\sistematicketsBootstrap\vendor\codeigniter4\framework\system\Database\MySQLi\Connection.php(171): mysqli->real_connect('localhost', 'root', '', 'sistematickets', 3306, '', 0)
#1 F:\projects\sistematicketsBootstrap\vendor\codeigniter4\framework\system\Database\BaseConnection.php(382): CodeIgniter\Database\MySQLi\Connection->connect(false)
#2 F:\projects\sistematicketsBootstrap\vendor\codeigniter4\framework\system\Database\BaseConnection.php(588): CodeIgniter\Database\BaseConnection->initialize()
#3 F:\projects\sistematicketsBootstrap\vendor\codeigniter4\framework\system\Database\BaseBuilder.php(1614): CodeIgniter\Database\BaseConnection->query('SELECT COUNT(*)...', NULL, false)
#4 F:\projects\sistematicketsBootstrap\app\Controllers\TicketController.php(39): CodeIgniter\Database\BaseBuilder->countAll()
#5 F:\projects\sistematicketsBootstrap\vendor\codeigniter4\framework\system\CodeIgniter.php(902): App\Controllers\TicketController->index()
#6 F:\projects\sistematicketsBootstrap\vendor\codeigniter4\framework\system\CodeIgniter.php(457): CodeIgniter\CodeIgniter->runController(Object(App\Controllers\TicketController))
#7 F:\projects\sistematicketsBootstrap\vendor\codeigniter4\framework\system\CodeIgniter.php(340): CodeIgniter\CodeIgniter->handleRequest(NULL, Object(Config\Cache), false)
#8 F:\projects\sistematicketsBootstrap\public\index.php(55): CodeIgniter\CodeIgniter->run()
#9 F:\projects\sistematicketsBootstrap\vendor\codeigniter4\framework\system\Commands\Server\rewrite.php(46): require_once('F:\\projects\\sis...')
#10 {main}

Next CodeIgniter\Database\Exceptions\DatabaseException: No se puede establecer una conexión ya que el equipo de destino denegó expresamente dicha conexión in F:\projects\sistematicketsBootstrap\vendor\codeigniter4\framework\system\Database\MySQLi\Connection.php:215
Stack trace:
#0 F:\projects\sistematicketsBootstrap\vendor\codeigniter4\framework\system\Database\BaseConnection.php(382): CodeIgniter\Database\MySQLi\Connection->connect(false)
#1 F:\projects\sistematicketsBootstrap\vendor\codeigniter4\framework\system\Database\BaseConnection.php(588): CodeIgniter\Database\BaseConnection->initialize()
#2 F:\projects\sistematicketsBootstrap\vendor\codeigniter4\framework\system\Database\BaseBuilder.php(1614): CodeIgniter\Database\BaseConnection->query('SELECT COUNT(*)...', NULL, false)
#3 F:\projects\sistematicketsBootstrap\app\Controllers\TicketController.php(39): CodeIgniter\Database\BaseBuilder->countAll()
#4 F:\projects\sistematicketsBootstrap\vendor\codeigniter4\framework\system\CodeIgniter.php(902): App\Controllers\TicketController->index()
#5 F:\projects\sistematicketsBootstrap\vendor\codeigniter4\framework\system\CodeIgniter.php(457): CodeIgniter\CodeIgniter->runController(Object(App\Controllers\TicketController))
#6 F:\projects\sistematicketsBootstrap\vendor\codeigniter4\framework\system\CodeIgniter.php(340): CodeIgniter\CodeIgniter->handleRequest(NULL, Object(Config\Cache), false)
#7 F:\projects\sistematicketsBootstrap\public\index.php(55): CodeIgniter\CodeIgniter->run()
#8 F:\projects\sistematicketsBootstrap\vendor\codeigniter4\framework\system\Commands\Server\rewrite.php(46): require_once('F:\\projects\\sis...')
#9 {main}
CRITICAL - 2022-10-23 02:34:54 --> Unable to connect to the database.
Main connection [MySQLi]: No se puede establecer una conexión ya que el equipo de destino denegó expresamente dicha conexión
in SYSTEMPATH\Database\BaseConnection.php on line 418.
 1 SYSTEMPATH\Database\BaseConnection.php(588): CodeIgniter\Database\BaseConnection->initialize()
 2 SYSTEMPATH\Database\BaseBuilder.php(1614): CodeIgniter\Database\BaseConnection->query('SELECT COUNT(*) AS `numrows` FROM `tickets`', null, false)
 3 APPPATH\Controllers\TicketController.php(39): CodeIgniter\Database\BaseBuilder->countAll()
 4 SYSTEMPATH\CodeIgniter.php(902): App\Controllers\TicketController->index()
 5 SYSTEMPATH\CodeIgniter.php(457): CodeIgniter\CodeIgniter->runController(Object(App\Controllers\TicketController))
 6 SYSTEMPATH\CodeIgniter.php(340): CodeIgniter\CodeIgniter->handleRequest(null, Object(Config\Cache), false)
 7 FCPATH\index.php(55): CodeIgniter\CodeIgniter->run()
 8 SYSTEMPATH\Commands\Server\rewrite.php(46): require_once('FCPATH\\index.php')
CRITICAL - 2022-10-23 02:36:08 --> Maximum execution time of 60 seconds exceeded
in SYSTEMPATH\Debug\Exceptions.php on line 154.
 1 [internal function]: CodeIgniter\Debug\Exceptions->shutdownHandler()
CRITICAL - 2022-10-23 02:38:20 --> Maximum execution time of 60 seconds exceeded
in SYSTEMPATH\Debug\Exceptions.php on line 154.
 1 [internal function]: CodeIgniter\Debug\Exceptions->shutdownHandler()
CRITICAL - 2022-10-23 00:01:21 --> Call to undefined method Dompdf\Dompdf::margin()
in APPPATH\Controllers\TicketController.php on line 342.
 1 SYSTEMPATH\CodeIgniter.php(902): App\Controllers\TicketController->generarPDF()
 2 SYSTEMPATH\CodeIgniter.php(457): CodeIgniter\CodeIgniter->runController(Object(App\Controllers\TicketController))
 3 SYSTEMPATH\CodeIgniter.php(340): CodeIgniter\CodeIgniter->handleRequest(null, Object(Config\Cache), false)
 4 FCPATH\index.php(55): CodeIgniter\CodeIgniter->run()
 5 SYSTEMPATH\Commands\Server\rewrite.php(46): require_once('FCPATH\\index.php')
CRITICAL - 2022-10-23 00:06:58 --> syntax error, unexpected token ":"
in APPPATH\Controllers\TicketController.php on line 342.
 1 SYSTEMPATH\Autoloader\Autoloader.php(259): CodeIgniter\Autoloader\Autoloader->includeFile('APPPATH\\Controllers\\TicketController.php')
 2 SYSTEMPATH\Autoloader\Autoloader.php(237): CodeIgniter\Autoloader\Autoloader->loadInNamespace('App\\Controllers\\TicketController')
 3 [internal function]: CodeIgniter\Autoloader\Autoloader->loadClass('App\\Controllers\\TicketController')
 4 SYSTEMPATH\CodeIgniter.php(852): class_exists('\\App\\Controllers\\TicketController', true)
 5 SYSTEMPATH\CodeIgniter.php(444): CodeIgniter\CodeIgniter->startController()
 6 SYSTEMPATH\CodeIgniter.php(340): CodeIgniter\CodeIgniter->handleRequest(null, Object(Config\Cache), false)
 7 FCPATH\index.php(55): CodeIgniter\CodeIgniter->run()
 8 SYSTEMPATH\Commands\Server\rewrite.php(46): require_once('FCPATH\\index.php')
CRITICAL - 2022-10-23 00:07:11 --> syntax error, unexpected token ":"
in APPPATH\Controllers\TicketController.php on line 342.
 1 SYSTEMPATH\Autoloader\Autoloader.php(259): CodeIgniter\Autoloader\Autoloader->includeFile('APPPATH\\Controllers\\TicketController.php')
 2 SYSTEMPATH\Autoloader\Autoloader.php(237): CodeIgniter\Autoloader\Autoloader->loadInNamespace('App\\Controllers\\TicketController')
 3 [internal function]: CodeIgniter\Autoloader\Autoloader->loadClass('App\\Controllers\\TicketController')
 4 SYSTEMPATH\CodeIgniter.php(852): class_exists('\\App\\Controllers\\TicketController', true)
 5 SYSTEMPATH\CodeIgniter.php(444): CodeIgniter\CodeIgniter->startController()
 6 SYSTEMPATH\CodeIgniter.php(340): CodeIgniter\CodeIgniter->handleRequest(null, Object(Config\Cache), false)
 7 FCPATH\index.php(55): CodeIgniter\CodeIgniter->run()
 8 SYSTEMPATH\Commands\Server\rewrite.php(46): require_once('FCPATH\\index.php')
CRITICAL - 2022-10-23 00:23:25 --> Call to a member function get_cellmap() on null
in VENDORPATH\dompdf\dompdf\src\FrameReflower\TableCell.php on line 40.
 1 VENDORPATH\dompdf\dompdf\src\FrameDecorator\AbstractFrameDecorator.php(913): Dompdf\FrameReflower\TableCell->reflow(Object(Dompdf\FrameDecorator\Block))
 2 VENDORPATH\dompdf\dompdf\src\FrameReflower\Block.php(866): Dompdf\FrameDecorator\AbstractFrameDecorator->reflow(Object(Dompdf\FrameDecorator\Block))
 3 VENDORPATH\dompdf\dompdf\src\FrameDecorator\AbstractFrameDecorator.php(913): Dompdf\FrameReflower\Block->reflow(null)
 4 VENDORPATH\dompdf\dompdf\src\FrameReflower\Page.php(142): Dompdf\FrameDecorator\AbstractFrameDecorator->reflow()
 5 VENDORPATH\dompdf\dompdf\src\FrameDecorator\AbstractFrameDecorator.php(913): Dompdf\FrameReflower\Page->reflow(null)
 6 VENDORPATH\dompdf\dompdf\src\Dompdf.php(765): Dompdf\FrameDecorator\AbstractFrameDecorator->reflow()
 7 APPPATH\Controllers\TicketController.php(347): Dompdf\Dompdf->render()
 8 SYSTEMPATH\CodeIgniter.php(902): App\Controllers\TicketController->generarPDF()
 9 SYSTEMPATH\CodeIgniter.php(457): CodeIgniter\CodeIgniter->runController(Object(App\Controllers\TicketController))
10 SYSTEMPATH\CodeIgniter.php(340): CodeIgniter\CodeIgniter->handleRequest(null, Object(Config\Cache), false)
11 FCPATH\index.php(55): CodeIgniter\CodeIgniter->run()
12 SYSTEMPATH\Commands\Server\rewrite.php(46): require_once('FCPATH\\index.php')
CRITICAL - 2022-10-23 00:23:30 --> Allowed memory size of 536870912 bytes exhausted (tried to allocate 257953792 bytes)
in APPPATH\Views\errors\html\error_exception.php on line 96.
 1 [internal function]: CodeIgniter\Debug\Exceptions->shutdownHandler()
CRITICAL - 2022-10-23 00:48:38 --> syntax error, unexpected variable "$mihtml"
in APPPATH\Controllers\TicketController.php on line 292.
 1 SYSTEMPATH\Autoloader\Autoloader.php(259): CodeIgniter\Autoloader\Autoloader->includeFile('APPPATH\\Controllers\\TicketController.php')
 2 SYSTEMPATH\Autoloader\Autoloader.php(237): CodeIgniter\Autoloader\Autoloader->loadInNamespace('App\\Controllers\\TicketController')
 3 [internal function]: CodeIgniter\Autoloader\Autoloader->loadClass('App\\Controllers\\TicketController')
 4 SYSTEMPATH\CodeIgniter.php(852): class_exists('\\App\\Controllers\\TicketController', true)
 5 SYSTEMPATH\CodeIgniter.php(444): CodeIgniter\CodeIgniter->startController()
 6 SYSTEMPATH\CodeIgniter.php(340): CodeIgniter\CodeIgniter->handleRequest(null, Object(Config\Cache), false)
 7 FCPATH\index.php(55): CodeIgniter\CodeIgniter->run()
 8 SYSTEMPATH\Commands\Server\rewrite.php(46): require_once('FCPATH\\index.php')
CRITICAL - 2022-10-23 00:48:50 --> Function strftime() is deprecated
in APPPATH\Controllers\TicketController.php on line 291.
 1 APPPATH\Controllers\TicketController.php(291): CodeIgniter\Debug\Exceptions->errorHandler(8192, 'Function strftime() is deprecated', 'APPPATH\\Controllers\\TicketController.php', 291)
 2 SYSTEMPATH\CodeIgniter.php(902): App\Controllers\TicketController->generarPDF()
 3 SYSTEMPATH\CodeIgniter.php(457): CodeIgniter\CodeIgniter->runController(Object(App\Controllers\TicketController))
 4 SYSTEMPATH\CodeIgniter.php(340): CodeIgniter\CodeIgniter->handleRequest(null, Object(Config\Cache), false)
 5 FCPATH\index.php(55): CodeIgniter\CodeIgniter->run()
 6 SYSTEMPATH\Commands\Server\rewrite.php(46): require_once('FCPATH\\index.php')
